<?xml version="1.0" encoding="UTF-8"?>
<!-- Generated by org.testng.reporters.JUnitXMLReporter -->
<testsuite ignored="0" hostname="DESKTOP-8EK3S22" failures="1" tests="1" name="Default test" time="300.441" errors="0" timestamp="2023-08-18T18:30:43 ICT">
  <testcase classname="io.cucumber.testng.AbstractTestNGCucumberTests" name="runScenario" time="299.897">
    <failure type="java.lang.AssertionError" message="Chờ lấy hàng # Đang lấy hàng">
      <![CDATA[java.lang.AssertionError: Chờ lấy hàng # Đang lấy hàng
at org.testng.Assert.fail(Assert.java:99)
at utilities.CommonFunctions.verifyDataEquals(CommonFunctions.java:456)
at actions.Internal_WMSActions.verifyStatusChange(Internal_WMSActions.java:773)
at stepdefinitions.Internal_WMSPageSteps.i_should_see_status_change_on_the_internal_detail_ticket_wms_page(Internal_WMSPageSteps.java:133)
at ✽.I should see status change "Đang lấy hàng" on the Internal Detail Ticket WMS page(file:///D:/buymed-automation-project-thang/src/test/resources/features/regression/01_FlowBuyProduct.feature:77)
]]>
    </failure>
  </testcase> <!-- runScenario -->
</testsuite> <!-- Default test -->
