<?xml version="1.0" encoding="UTF-8"?>
<!-- Generated by org.testng.reporters.JUnitXMLReporter -->
<testsuite ignored="0" hostname="Thangs-MacBook-Pro.local" failures="0" tests="2" name="Run on Firefox" time="21.252" errors="0" timestamp="26 May 2023 17:04:31 GMT">
  <testcase classname="com.jqueryscript.Handle_Data_Table" name="@BeforeClass beforeClass" time="21.226">
    <failure type="org.openqa.selenium.WebDriverException" message="Reached error page: about:neterror?e=dnsNotFound&amp;amp;u=https%3A//www.jqueryscript.net/demo/CRUD-Data-Grid-Plugin-jQuery-Quickgrid/&amp;amp;c=UTF-8&amp;amp;d=Ch%C3%BAng%20t%C3%B4i%20kh%C3%B4ng%20th%E1%BB%83%20k%E1%BA%BFt%20n%E1%BB%91i%20%C4%91%E1%BA%BFn%20m%C3%A1y%20ch%E1%BB%A7%20t%E1%BA%A1i%20www.jqueryscript.net.
Build info: version: &amp;apos;3.14.0&amp;apos;, revision: &amp;apos;aacccce0&amp;apos;, time: &amp;apos;2018-08-02T20:13:22.693Z&amp;apos;
System info: host: &amp;apos;Thangs-MacBook-Pro.local&amp;apos;, ip: &amp;apos;fe80:0:0:0:8b2:87a8:891:3b0b%en0&amp;apos;, os.name: &amp;apos;Mac OS X&amp;apos;, os.arch: &amp;apos;x86_64&amp;apos;, os.version: &amp;apos;12.0.1&amp;apos;, java.version: &amp;apos;17.0.3&amp;apos;
Driver info: org.openqa.selenium.firefox.FirefoxDriver
Capabilities {acceptInsecureCerts: true, browserName: firefox, browserVersion: 112.0, javascriptEnabled: true, moz:accessibilityChecks: false, moz:buildID: 20230406114409, moz:geckodriverVersion: 0.33.0, moz:headless: false, moz:platformVersion: 21.1.0, moz:processID: 42958, moz:profile: /var/folders/c8/s8mqtxl53_3..., moz:shutdownTimeout: 60000, moz:useNonSpecCompliantPointerOrigin: false, moz:webdriverClick: true, moz:windowless: false, pageLoadStrategy: normal, platform: MAC, platformName: MAC, proxy: Proxy(), setWindowRect: true, strictFileInteractability: false, timeouts: {implicit: 0, pageLoad: 300000, script: 30000}, unhandledPromptBehavior: dismiss and notify}
Session ID: 66abf81f-f061-4622-94bc-585838e71cff">
      <![CDATA[org.openqa.selenium.WebDriverException: Reached error page: about:neterror?e=dnsNotFound&u=https%3A//www.jqueryscript.net/demo/CRUD-Data-Grid-Plugin-jQuery-Quickgrid/&c=UTF-8&d=Ch%C3%BAng%20t%C3%B4i%20kh%C3%B4ng%20th%E1%BB%83%20k%E1%BA%BFt%20n%E1%BB%91i%20%C4%91%E1%BA%BFn%20m%C3%A1y%20ch%E1%BB%A7%20t%E1%BA%A1i%20www.jqueryscript.net.
Build info: version: '3.14.0', revision: 'aacccce0', time: '2018-08-02T20:13:22.693Z'
System info: host: 'Thangs-MacBook-Pro.local', ip: 'fe80:0:0:0:8b2:87a8:891:3b0b%en0', os.name: 'Mac OS X', os.arch: 'x86_64', os.version: '12.0.1', java.version: '17.0.3'
Driver info: org.openqa.selenium.firefox.FirefoxDriver
Capabilities {acceptInsecureCerts: true, browserName: firefox, browserVersion: 112.0, javascriptEnabled: true, moz:accessibilityChecks: false, moz:buildID: 20230406114409, moz:geckodriverVersion: 0.33.0, moz:headless: false, moz:platformVersion: 21.1.0, moz:processID: 42958, moz:profile: /var/folders/c8/s8mqtxl53_3..., moz:shutdownTimeout: 60000, moz:useNonSpecCompliantPointerOrigin: false, moz:webdriverClick: true, moz:windowless: false, pageLoadStrategy: normal, platform: MAC, platformName: MAC, proxy: Proxy(), setWindowRect: true, strictFileInteractability: false, timeouts: {implicit: 0, pageLoad: 300000, script: 30000}, unhandledPromptBehavior: dismiss and notify}
Session ID: 66abf81f-f061-4622-94bc-585838e71cff
at org.openqa.selenium.remote.http.W3CHttpResponseCodec.createException(W3CHttpResponseCodec.java:187)
at org.openqa.selenium.remote.http.W3CHttpResponseCodec.decode(W3CHttpResponseCodec.java:122)
at org.openqa.selenium.remote.http.W3CHttpResponseCodec.decode(W3CHttpResponseCodec.java:49)
at org.openqa.selenium.remote.HttpCommandExecutor.execute(HttpCommandExecutor.java:158)
at org.openqa.selenium.remote.service.DriverCommandExecutor.execute(DriverCommandExecutor.java:83)
at org.openqa.selenium.remote.RemoteWebDriver.execute(RemoteWebDriver.java:548)
at org.openqa.selenium.remote.RemoteWebDriver.get(RemoteWebDriver.java:276)
at commons.AbstractTest.getBrowser(AbstractTest.java:38)
at com.jqueryscript.Handle_Data_Table.beforeClass(Handle_Data_Table.java:21)
... Removed 31 stack frames]]>
    </failure>
  </testcase> <!-- @BeforeClass beforeClass -->
  <testcase classname="com.jqueryscript.Handle_Data_Table" name="@AfterClass afterClass" time="0.0">
    <skipped/>
  </testcase> <!-- @AfterClass afterClass -->
  <testcase classname="com.jqueryscript.Handle_Data_Table" name="TC_01_Senkey_Edit_Remove" time="0.0">
    <skipped/>
  </testcase> <!-- TC_01_Senkey_Edit_Remove -->
  <testcase classname="com.jqueryscript.Handle_Data_Table" name="TC_02_Pagenation_Jquery" time="0.0">
    <skipped/>
  </testcase> <!-- TC_02_Pagenation_Jquery -->
</testsuite> <!-- Run on Firefox -->
