<?xml version="1.0" encoding="UTF-8"?>
<!-- Generated by org.testng.reporters.JUnitXMLReporter -->
<testsuite ignored="0" hostname="Thangs-MacBook-Pro.local" failures="0" tests="2" name="Run on Edge" time="25.59" errors="0" timestamp="26 May 2023 17:05:22 GMT">
  <testcase classname="com.jqueryscript.Handle_Data_Table" name="TC_01_Senkey_Edit_Remove" time="5.627"/>
  <testcase classname="com.jqueryscript.Handle_Data_Table" name="TC_02_Pagenation_Jquery" time="4.015"/>
</testsuite> <!-- Run on Edge -->
